Build started 2015-04-14 11:35:06.
     1>Project "C:\Users\Viri\Desktop\SISE\SISE\Heroes'y\sfml\sfml\sfml.vcxproj" on node 2 (Rebuild target(s)).
     1>ClCompile:
         C:\Program Files (x86)\Microsoft Visual Studio 12.0\VC\bin\CL.exe /c /ZI /nologo /W3 /WX- /sdl /Od /Oy- /D _MBCS /Gm /EHsc /RTC1 /MDd /GS /fp:precise /Zc:wchar_t /Zc:forScope /Fo"Debug\\" /Fd"Debug\vc120.pdb" /Gd /TP /analyze- /errorReport:prompt ..\Field.cpp ..\Background.cpp ..\Entity.cpp ..\EventHandler.cpp ..\Game.cpp ..\Hud.cpp ..\Knight.cpp ..\Level.cpp ..\Main.cpp ..\SpriteRenderer.cpp ..\Tile.cpp
         Tile.cpp
     1>c:\users\viri\desktop\sise\sise\heroes'y\sfml\entity.h(3): fatal error C1083: Nie można otworzyć pliku dołącz: 'SFML/Graphics.hpp': No such file or directory
         SpriteRenderer.cpp
     1>c:\users\viri\desktop\sise\sise\heroes'y\sfml\spriterenderer.h(3): fatal error C1083: Nie można otworzyć pliku dołącz: 'SFML/Graphics.hpp': No such file or directory
         Main.cpp
     1>c:\users\viri\desktop\sise\sise\heroes'y\sfml\game.h(3): fatal error C1083: Nie można otworzyć pliku dołącz: 'SFML/Graphics.hpp': No such file or directory
         Level.cpp
     1>c:\users\viri\desktop\sise\sise\heroes'y\sfml\game.h(3): fatal error C1083: Nie można otworzyć pliku dołącz: 'SFML/Graphics.hpp': No such file or directory
         Knight.cpp
     1>c:\users\viri\desktop\sise\sise\heroes'y\sfml\entity.h(3): fatal error C1083: Nie można otworzyć pliku dołącz: 'SFML/Graphics.hpp': No such file or directory
         Hud.cpp
     1>c:\users\viri\desktop\sise\sise\heroes'y\sfml\hud.h(3): fatal error C1083: Nie można otworzyć pliku dołącz: 'iostream': No such file or directory
         Game.cpp
     1>c:\users\viri\desktop\sise\sise\heroes'y\sfml\level.h(3): fatal error C1083: Nie można otworzyć pliku dołącz: 'vector': No such file or directory
         EventHandler.cpp
     1>c:\users\viri\desktop\sise\sise\heroes'y\sfml\eventhandler.h(3): fatal error C1083: Nie można otworzyć pliku dołącz: 'SFML/Graphics.hpp': No such file or directory
         Entity.cpp
     1>c:\users\viri\desktop\sise\sise\heroes'y\sfml\entity.cpp(1): fatal error C1083: Nie można otworzyć pliku dołącz: 'algorithm': No such file or directory
         Background.cpp
     1>c:\users\viri\desktop\sise\sise\heroes'y\sfml\entity.h(3): fatal error C1083: Nie można otworzyć pliku dołącz: 'SFML/Graphics.hpp': No such file or directory
         Field.cpp
     1>c:\users\viri\desktop\sise\sise\heroes'y\sfml\entity.h(3): fatal error C1083: Nie można otworzyć pliku dołącz: 'SFML/Graphics.hpp': No such file or directory
         Generowanie kodu...
     1>Done Building Project "C:\Users\Viri\Desktop\SISE\SISE\Heroes'y\sfml\sfml\sfml.vcxproj" (Rebuild target(s)) -- FAILED.

Build FAILED.

Time Elapsed 00:00:00.95
